<!DOCTYPE html>
<html>
	<head>
        <meta http-equiv="content-type" content="text/html; charset=UTF-8" />
		<title>Unnamed project Test Execution Report</title>
        <script type="text/javascript" src="http://code.jquery.com/jquery-1.6.2.min.js"></script>
        <script type="text/javascript">
            /**
            * jQuery.fn.sortElements
            * --------------
            * #author James Padolsey (http://james.padolsey.com)
            * #version 0.11
            * #updated 18-MAR-2010
            * #url https://raw.github.com/jamespadolsey/jQuery-Plugins/master/sortElements/jquery.sortElements.js
            * --------------
            * #param Function comparator:
            *   Exactly the same behaviour as [1,2,3].sort(comparator)
            *   
            * #param Function getSortable
            *   A function that should return the element that is
            *   to be sorted. The comparator will run on the
            *   current collection, but you may want the actual
            *   resulting sort to occur on a parent or another
            *   associated element.
            *   
            *   E.g. $('td').sortElements(comparator, function(){
            *      return this.parentNode; 
            *   })
            *   
            *   The <td>'s parent (<tr>) will be sorted instead
            *   of the <td> itself.
            */
            jQuery.fn.sortElements = (function () {

                var sort = [].sort;

                return function (comparator, getSortable) {

                    getSortable = getSortable || function () { return this; };

                    var placements = this.map(function () {

                        var sortElement = getSortable.call(this),
                parentNode = sortElement.parentNode,

                        // Since the element itself will change position, we have
                        // to have some way of storing it's original position in
                        // the DOM. The easiest way is to have a 'flag' node:
                nextSibling = parentNode.insertBefore(
                    document.createTextNode(''),
                    sortElement.nextSibling
                );

                        return function () {

                            if (parentNode === this) {
                                throw new Error(
                        "You can't sort elements if any one is a descendant of another."
                    );
                            }

                            // Insert before flag:
                            parentNode.insertBefore(this, nextSibling);
                            // Remove flag:
                            parentNode.removeChild(nextSibling);

                        };

                    });

                    return sort.call(this, comparator).each(function (i) {
                        placements[i].call(getSortable.call(this));
                    });

                };

            })();
        </script>
        <script type="text/javascript">
            jQuery.fn.setBarSizes = (function () {
                return function (metricName, maxBarSize, min) {
                    var max = Math.max.apply(Math, $.makeArray($(this).map(function () { return Number($(this).attr('data-sr-' + metricName)); })));
                    var scale = 1.0;
                    while (max > 0.0 && max <= 10.0) {
                        scale = scale * 10.0;
                        max = max * 10.0;
                    }
                    max = (Math.ceil(max / 2) * 2) / scale;

                    this.each(function () {
                        var barAnchor = $(this).find('a');
                        var actual = $(this).attr('data-sr-' + metricName);
                        var newHeight = Math.max(Math.round(maxBarSize * (actual - min) / (max - min)), 2);
                        barAnchor.css({ height: newHeight });
                    });

                    var unit = "";
                    if (metricName.substr(metricName.length - 4, 4) === "time")
                        unit = "s";

                    $('#testview .scale-min-label').each(function () {
                        $(this).text(min.toString() + unit);
                    });
                    $('#testview .scale-max-label').each(function () {
                        $(this).text(max.toString() + unit);
                    });
                    var mid = max / 2;
                    $('#testview .scale-mid-label').each(function () {
                        $(this).text(mid.toString() + unit);
                    });
                };
            })();

            function getComparer(metricName, isDesc) {
                return function (a, b) {
                    var aNumber = Number($(a).attr('data-sr-' + metricName));
                    var bNumber = Number($(b).attr('data-sr-' + metricName));
                    var result = aNumber > bNumber ? 1 : (aNumber < bNumber ? -1 : 0);
                    if (isDesc)
                        result = -1 * result;

                    if (result == 0 && metricName != "order")
                        result = getComparer("order", false)(a, b);

                    return result;
                };
            }

            var currentSort = "";
            function doSort(allowToggleDesc) {
                var newSort = $("input[name='barSortOrder']:checked").val();
                if (allowToggleDesc && currentSort == newSort) {
                    $('#barSortDesc').click();
                    doSort(false);
                    return;
                }
                currentSort = newSort;
                $('#testview td.testview-item').sortElements(getComparer(newSort, $('#barSortDesc').is(':checked')));
            }


            function doSetHeights(allowSort) {
                var selectedMetric = $("input[name='barHeight']:checked").val();
                $('#testview td.testview-item').setBarSizes(selectedMetric, 60, 0.0);

                if (allowSort && currentSort != selectedMetric) {
                    var $radios = $("input[name='barSortOrder']");
                    $radios.filter('[value=' + selectedMetric + ']').attr('checked', true);
                    $("#barSortDesc").attr("checked", [true]);
                    doSort(false);
                }
            }

            $(document).ready(function () {
                $("input[name='barSortOrder']").click(function () { doSort(true); return true; });
                $("input[name='barSortDesc']").change(function () { doSort(false); });
                $("input[name='barHeight']").change(function () { doSetHeights(true); });

                doSort(false);
                doSetHeights(false);

                $("div.scrollable").css({ 'overflow': 'auto' });
            });
        </script>

        <style type="text/css">
            body 
            {
                color: #000000;
                font-family: Arial,Liberation Sans,DejaVu Sans,sans-serif;
                line-height: 130%;
            }
            h1 {
                font-family: Trebuchet MS,Liberation Sans,DejaVu Sans,sans-serif;
                font-size: 170%;
                font-weight: bold;
            }            
            h2 {
                font-family: Trebuchet MS,Liberation Sans,DejaVu Sans,sans-serif;
                font-size: 130%;
                font-weight: bold;
                margin-bottom: 5px;
            }            
            h3 {
                font-family: Trebuchet MS,Liberation Sans,DejaVu Sans,sans-serif;
                font-size: 120%;
                font-weight: bold;
                margin-bottom: 5px;
            }            
            a.bar
            {
                text-decoration: none;
                display: block;
                line-height: 1px;
            }
            .description
            {
                font-style: italic;
            }
            .log 
            {
                width: 600px;
                white-space: pre-wrap;
                display: block;
                margin: 0px;
            }
            .errorMessage 
            {
                width: 600px;
                color: Red;
                font-weight: bold;
            }
            .stackTrace 
            {
                width: 600px;
                white-space: pre-wrap;
                font-style: italic;
                color: Red;
                display: block;
            }
            table.testEvents
            {
                border: solid 1px #e8eef4;
                border-collapse: collapse;
            }
            table.testEvents td
            {
                vertical-align: top;
                padding: 5px;
                border: solid 1px #e8eef4;
            }
            table.testEvents th
            {
                padding: 6px 5px;
                text-align: left;
                background-color: #e8eef4;
                border: solid 1px #e8eef4;                
            }
            .comment
            {
                font-style: italic;
                font-size: smaller;
            }
            .startupBar
            {
                background-color: #EEEEEE;
                cursor: default;
            }
            
            .colorSucceeded
            {
                background-color: #90ED7B;
            }
            .colorIgnored
            {
                background-color: #FFFF85;
            }
            .colorPending
            {
                background-color: #D47BED;
            }
            .colorNothingToRun
            {
                background-color: #CCCCFF;
            }
            .colorSkipped
            {
                background-color: #CCCCFF;
            }
            .colorInconclusive
            {
                background-color: #7BEDED;
            }
            .colorCleanupFailed
            {
                background-color: #FFCCCC;
            }
            .colorRandomlyFailed
            {
                background-color: #EDB07B;
            }
            .colorFailed
            {
                background-color: #ED5F5F;
            }
            .colorInitializationFailed
            {
                background-color: #FF0000;
            }
            .colorFrameworkError
            {
                background-color: #FF0000;
            }
            ul.subNodeLinks
            {
                padding-left: 20px;
                margin: 0px;
            }
            ul.subNodeLinks li
            {
                list-style: none;
            }
            
            /* views general */
            div.scrollable
            {
                /*overflow: auto; - thsi has to be set from js, because of an IE9 bug */
            }
            div.viewbox
            {
                position: relative;
                border: 3px solid #e8eef4;
            }
            div.viewbox table
            {
                border: 0px;
            }
                        
            /* testview */
            #testview
            {
                padding-top: 23px;
            }
            
            table.testview-items td
            {
                vertical-align: bottom;
                padding: 0px 1px 0px 1px;
            }
            td.right-padding, td.left-padding
            {
                width: 25px;
                min-width: 25px;
            }
            table.testview-items a.bar
            {
                width: 5px;
            }
            table.testview-items tr.testview-items-row
            {
                height: 60px;
            }
            
            /* scale */
            table.vertical-scale 
            {
                position: absolute;
                top: 23px;
                left: 0px;
                width: 100%;
                z-index: -100;
            }
            table.vertical-scale td, tr.horizontal-scale td
            {
                font-size: 60%;
                line-height: normal;
            }
            table.vertical-scale tr.scale-max, table.vertical-scale tr.scale-mid 
            {
                height: 30px;
            }
            tr.horizontal-scale, table.vertical-scale tr.scale-min 
            {
                height: 12px;
            }
            
            td.scale-max-label, td.scale-mid-label, td.scale-min-label
            {
                border-top: solid 1px #E6E6E6;
                text-align: left;
                vertical-align: top;
            }
            td.scale-10-label
            {
                border-left: solid 1px #E6E6E6;
                text-align: left;
                vertical-align: bottom;
                padding-left: 1px;
            }
            tr.scale-mid td, tr.scale-min td, tr.scale-max td
            {
                border-top: solid 1px #E6E6E6;
            }
           
            
            /* bar-control */
            #bar-control
            {
                font-size: 60%;
                line-height: normal;
                position: absolute;
                right: 0px;
                top: 0px;
            }
            #bar-control label
            {
                font-weight: bold;
                vertical-align: middle;
            }
            #bar-control .option
            {
                vertical-align: middle;
                text-transform: lowercase;
            }
            #bar-control input[type="checkbox"]
            {
                padding: 0 2px 0 3px;
            }
            #bar-control input
            {
                vertical-align: top;
                height: 12px;
                margin: 0px;
                padding: 0px;
            }
            #bar-control div
            {
                float: right;
                margin: 3px 5px 3px 5px;
            }

            /* timeline view */
            #timelineview
            {
                padding-top: 5px;
            }
            table.timelineview a
            {
                height: 20px;
            }
            table.timelineview td
            {
                vertical-align: bottom;
                padding: 0px 1px 0px 0px;
                border: 0px;
            }
            tr.thread-items-row
            {
                height: 25px;
            }
            tr.thread-items-row td
            {
                vertical-align: bottom;
            }
            td.thread-label
            {
                padding: 0px 6px 0px 6px;
                text-align: right;
                line-height: 18px;
                vertical-align: bottom;
            }
            th.thread-label
            {
                padding: 3px 6px 0px 6px;
                line-height: 18px;
                text-align: left;
                vertical-align: bottom;
            }
        </style>
	</head>
	<body>
        <h1>Unnamed project Test Execution Report</h1>
        
    <ul>
        <li>Project: Unnamed project</li>
        <li>Configuration: </li>
        <li>Test Assemblies: C:\Users\gauravrajpoot\source\repos\RestSharpAndExpedia\Assignmnet\bin\Debug\Assignmnet.dll</li>
        <li>Start Time: 11-06-2019 17:26:23</li>
        <li>Duration: 00:04:25.2766112</li>
        <li>Test Threads: 1</li>
    </ul>


        <h2>Result: 2 failed (1 randomly failed)</h2>
        <table class="testEvents">
                <tr>
        <th colspan="2">Success rate</th>
        <th>Tests</th>
        <th>Succeeded</th>
        <th>Failed</th>
        <th>Pending</th>
        <th>Ignored</th>
        <th>Skipped</th>
    </tr>

                <td>
            50%
    </td>
    <td>
            <table class="timelineview" cellpadding="0" cellspacing="0">
        <tr>
    <td>
        <a class="bar colorSucceeded" 
           style="width: 99px;" 
           title="2 succeeded" 
                   ></a>
    </td>
    <td>
        <a class="bar colorFailed" 
           style="width: 49px;" 
           title="1 failed" 
                          href="#error_summary"
        ></a>
    </td>
    <td>
        <a class="bar colorRandomlyFailed" 
           style="width: 49px;" 
           title="1 randomly failed" 
                          href="#error_summary"
        ></a>
    </td>
        </tr>
    </table>

    </td>
    <td>4 (test executions: 8)</td>
    <td>2</td>
    <td>2</td>
    <td>0</td>
    <td>0</td>
    <td>0</td>

        </table>
        
        <h2>Test Timeline Summary</h2>

        <div id="timelineview" class="viewbox">
            <div class="scrollable">
                <table cellpadding="0" cellspacing="0">
                    <tr>
                        <th class="thread-label" colspan="2">thread</th>
                    </tr>
                        <tr class="thread-items-row">
                            <td class="thread-label" title="Machine: GAURAV3150489">#0</td>
                            <td colspan="1">
                                <table class="timelineview" cellpadding="0" cellspacing="0">
                                    <tr>

                                            <td>
        <a
            class="bar startupBar" 
            style="width: 3px;" 
                title="test thread startup" 
        >&nbsp;</a>
    </td>

    <td>
        <a
            class="bar colorFailed" 
            style="width: 8px;" 
                title="For Empty email and vaid Password (in Check the Login functionality of AutomationPractice.com)" 
                href="#t-520856283.0"
        >&nbsp;</a>
    </td>
    <td>
        <a
            class="bar colorFailed" 
            style="width: 13px;" 
                title="For Empty email and vaid Password (in Check the Login functionality of AutomationPractice.com) retry #1" 
                href="#t-520856283.1"
        >&nbsp;</a>
    </td>
    <td>
        <a
            class="bar colorSucceeded" 
            style="width: 3px;" 
                title="For Empty email and vaid Password (in Check the Login functionality of AutomationPractice.com) retry #2" 
                href="#t-520856283.2"
        >&nbsp;</a>
    </td>
    <td>
        <a
            class="bar colorSucceeded" 
            style="width: 3px;" 
                title="For Empty Password and valid email (in Check the Login functionality of AutomationPractice.com)" 
                href="#t804514891.0"
        >&nbsp;</a>
    </td>
    <td>
        <a
            class="bar colorSucceeded" 
            style="width: 3px;" 
                title="For Invalid Email and Invalid Password (in Check the Login functionality of AutomationPractice.com)" 
                href="#t346371658.0"
        >&nbsp;</a>
    </td>
    <td>
        <a
            class="bar colorFailed" 
            style="width: 13px;" 
                title="For Empty Email and Empty Password (in Check the Login functionality of AutomationPractice.com)" 
                href="#t1299561802.0"
        >&nbsp;</a>
    </td>
    <td>
        <a
            class="bar colorFailed" 
            style="width: 3px;" 
                title="For Empty Email and Empty Password (in Check the Login functionality of AutomationPractice.com) retry #1" 
                href="#t1299561802.1"
        >&nbsp;</a>
    </td>
    <td>
        <a
            class="bar colorFailed" 
            style="width: 3px;" 
                title="For Empty Email and Empty Password (in Check the Login functionality of AutomationPractice.com) retry #2" 
                href="#t1299561802.2"
        >&nbsp;</a>
    </td>
                                    </tr>
                                </table>
                            </td>
                        </tr>
                    <tr class="horizontal-scale">
                        <td>&nbsp;</td>
                        <td class="scale-10-label">0s</td>
                    </tr>
                </table>
            </div>
        </div>

        
    <h2>Test Result View</h2>
    <div id="testview" class="viewbox">
        <div id="bar-control">
            <div id="bar-control-sort">
                <label>sort by:</label>
                <span class="option"><input type="radio" name="barSortOrder" value="exectime" />Time</span>
                <span class="option"><input type="radio" name="barSortOrder" value="acttime" />Act Time</span>
                <span class="option"><input type="radio" name="barSortOrder" value="order" />Execution</span>
                <span class="option"><input type="radio" name="barSortOrder" value="rescode" checked="checked" />Result</span>
                <span class="option"><input type="checkbox" name="barSortDesc" id="barSortDesc" checked="checked" />desc</span>
            </div>
            <div id="bar-control-heights">
                <label>heights:</label>
                <span class="option"><input type="radio" checked="checked" name="barHeight" value="exectime" />Time</span>
                <span class="option"><input type="radio" name="barHeight" value="acttime" />Act Time</span>
            </div>
        </div>
        <table class="vertical-scale" cellpadding="0" cellspacing="0">
            <tr class="scale-max">
                <td class="left-padding scale-max-label">&nbsp;</td>
                <td colspan="8">&nbsp;</td>
                <td class="right-padding">&nbsp;</td>
            </tr>
            <tr class="scale-mid">
                <td class="left-padding scale-mid-label">&nbsp;</td>
                <td colspan="8">&nbsp;</td>
                <td class="right-padding">&nbsp;</td>
            </tr>
            <tr class="scale-min">
                <td class="left-padding scale-min-label">&nbsp;</td>
                <td colspan="8">&nbsp;</td>
                <td class="right-padding">&nbsp;</td>
            </tr>
        </table>
        <div class="scrollable">
            <table class="testview-items" cellpadding="0" cellspacing="0">
                <tr class="testview-items-row">
                    <td class="left-padding">&nbsp;</td>
    <td class="testview-item" 
        data-sr-exectime="17.5708083" data-sr-rescode="110" data-sr-order="2" data-sr-acttime="1.91">
        <a
            class="bar colorSucceeded" 
            style="height: 17px;"
            title="For Empty email and vaid Password (in Check the Login functionality of AutomationPractice.com) retry #2"
            href="#t-520856283.2">&nbsp;</a>
    </td>
    <td class="testview-item" 
        data-sr-exectime="20.9839746" data-sr-rescode="110" data-sr-order="3" data-sr-acttime="2.287">
        <a
            class="bar colorSucceeded" 
            style="height: 20px;"
            title="For Empty Password and valid email (in Check the Login functionality of AutomationPractice.com)"
            href="#t804514891.0">&nbsp;</a>
    </td>
    <td class="testview-item" 
        data-sr-exectime="21.0192095" data-sr-rescode="110" data-sr-order="4" data-sr-acttime="4.335">
        <a
            class="bar colorSucceeded" 
            style="height: 20px;"
            title="For Invalid Email and Invalid Password (in Check the Login functionality of AutomationPractice.com)"
            href="#t346371658.0">&nbsp;</a>
    </td>
    <td class="testview-item" 
        data-sr-exectime="63.7242728" data-sr-rescode="540" data-sr-order="0" data-sr-acttime="0.002">
        <a
            class="bar colorFailed" 
            style="height: 60px;"
            title="For Empty email and vaid Password (in Check the Login functionality of AutomationPractice.com)"
            href="#t-520856283.0">&nbsp;</a>
    </td>
    <td class="testview-item" 
        data-sr-exectime="63.4348555" data-sr-rescode="540" data-sr-order="1" data-sr-acttime="0.001">
        <a
            class="bar colorFailed" 
            style="height: 60px;"
            title="For Empty email and vaid Password (in Check the Login functionality of AutomationPractice.com) retry #1"
            href="#t-520856283.1">&nbsp;</a>
    </td>
    <td class="testview-item" 
        data-sr-exectime="63.4744322" data-sr-rescode="540" data-sr-order="5" data-sr-acttime="0.001">
        <a
            class="bar colorFailed" 
            style="height: 60px;"
            title="For Empty Email and Empty Password (in Check the Login functionality of AutomationPractice.com)"
            href="#t1299561802.0">&nbsp;</a>
    </td>
    <td class="testview-item" 
        data-sr-exectime="10.6120216" data-sr-rescode="540" data-sr-order="6" data-sr-acttime="0.0">
        <a
            class="bar colorFailed" 
            style="height: 10px;"
            title="For Empty Email and Empty Password (in Check the Login functionality of AutomationPractice.com) retry #1"
            href="#t1299561802.1">&nbsp;</a>
    </td>
    <td class="testview-item" 
        data-sr-exectime="4.2061409" data-sr-rescode="540" data-sr-order="7" data-sr-acttime="0.002">
        <a
            class="bar colorFailed" 
            style="height: 4px;"
            title="For Empty Email and Empty Password (in Check the Login functionality of AutomationPractice.com) retry #2"
            href="#t1299561802.2">&nbsp;</a>
    </td>
                    <td class="right-padding">&nbsp;</td>
                </tr>
                <tr class="horizontal-scale">
                    <td class="left-padding">&nbsp;</td>
                    <td colspan="10">&nbsp;</td>
                </tr>
            </table>
        </div>
    </div>

        
        
    <h2>Feature Summary</h2>
    <table class="testEvents">
            <tr>
            <th>Feature</th>
        <th colspan="2">Success rate</th>
        <th>Tests</th>
        <th>Succeeded</th>
        <th>Failed</th>
        <th>Pending</th>
        <th>Ignored</th>
        <th>Skipped</th>
            <th>Duration</th>
    </tr>


            <tr>
                <td><a href="#f1034050621">Check the Login functionality of AutomationPractice.com</a></td>
                    <td>
            38%
    </td>
    <td>
            <table class="timelineview" cellpadding="0" cellspacing="0">
        <tr>
    <td>
        <a class="bar colorSucceeded" 
           style="width: 149px;" 
           title="2 succeeded" 
                   ></a>
    </td>
    <td>
        <a class="bar colorFailed" 
           style="width: 249px;" 
           title="1 failed" 
                          href="#error_summary"
        ></a>
    </td>
        </tr>
    </table>

    </td>
    <td>4 (test executions: 8)</td>
    <td>3</td>
    <td>5</td>
    <td>0</td>
    <td>0</td>
    <td>0</td>
        <td>00:04:25.0257154</td>

            </tr>
    </table>


        <a name="error_summary" />
        <h2>Error Summary</h2>
        <table class="testEvents">
                <tr>
            <th>Test</th>
        <th colspan="2">Success rate</th>
        <th>Tests</th>
        <th>Succeeded</th>
        <th>Failed</th>
        <th>Pending</th>
        <th>Ignored</th>
        <th>Skipped</th>
    </tr>

                <tr>
                    <td>
                        <a href="#t-520856283.0">For Empty email and vaid Password (in Assignmnet, Check the Login functionality of AutomationPractice.com)</a>
                            <a href="#t-520856283.1">retry #1</a>
                            <a href="#t-520856283.2">retry #2</a>
                    </td>
                        <td>
            33%
    </td>
    <td>
            <table class="timelineview" cellpadding="0" cellspacing="0">
        <tr>
    <td>
        <a class="bar colorSucceeded" 
           style="width: 199px;" 
           title="0 succeeded" 
                   ></a>
    </td>
    <td>
        <a class="bar colorFailed" 
           style="width: 399px;" 
           title="0 failed" 
                          href="#error_summary"
        ></a>
    </td>
        </tr>
    </table>

    </td>
    <td>1 (test executions: 3)</td>
    <td>1</td>
    <td>2</td>
    <td>0</td>
    <td>0</td>
    <td>0</td>

                </tr>
                <tr>
                    <td colspan="9" style="padding-left: 20px;"><div class="errorMessage">Error: The HTTP request to the remote WebDriver server for URL http://localhost:50556/session/af49fd6054537d041a5852f3be04cc18/url timed out after 60 seconds. -&gt; The request was aborted: The operation has timed out., retry #1: The HTTP request to the remote WebDriver server for URL http://localhost:50633/session/dd9523d47ed1513218f69ff0eea91b0e/url timed out after 60 seconds. -&gt; The request was aborted: The operation has timed out.</div></td>
                </tr>
                <tr>
                    <td>
                        <a href="#t1299561802.0">For Empty Email and Empty Password (in Assignmnet, Check the Login functionality of AutomationPractice.com)</a>
                            <a href="#t1299561802.1">retry #1</a>
                            <a href="#t1299561802.2">retry #2</a>
                    </td>
                        <td>
            0%
    </td>
    <td>
            <table class="timelineview" cellpadding="0" cellspacing="0">
        <tr>
    <td>
        <a class="bar colorFailed" 
           style="width: 599px;" 
           title="1 failed" 
                          href="#error_summary"
        ></a>
    </td>
        </tr>
    </table>

    </td>
    <td>1 (test executions: 3)</td>
    <td>0</td>
    <td>3</td>
    <td>0</td>
    <td>0</td>
    <td>0</td>

                </tr>
                <tr>
                    <td colspan="9" style="padding-left: 20px;"><div class="errorMessage">Error: The HTTP request to the remote WebDriver server for URL http://localhost:50893/session/63c3002c977caa72d30455a118d656df/url timed out after 60 seconds. -&gt; The request was aborted: The operation has timed out., retry #1: no such window: target window already closed
from unknown error: web view not found
  (Session info: chrome=75.0.3770.80)
  (Driver info: chromedriver=74.0.3729.6 (255758eccf3d244491b8a1317aa76e1ce10d57e9-refs/branch-heads/3729@{#29}),platform=Windows NT 10.0.17763 x86_64), retry #2: unknown error: cannot determine loading status
from disconnected: received Inspector.detached event
  (Session info: chrome=75.0.3770.80)
  (Driver info: chromedriver=74.0.3729.6 (255758eccf3d244491b8a1317aa76e1ce10d57e9-refs/branch-heads/3729@{#29}),platform=Windows NT 10.0.17763 x86_64)</div></td>
                </tr>
        </table>

        <h2>Scenario Summary</h2>
            <a name="f1034050621" />
            <h3>Feature: Check the Login functionality of AutomationPractice.com</h3>
                <div class="description"><pre>	WE have to check the for each and every case of login</pre>
                </div>
            <table class="testEvents">
                    <tr>
            <th>Test</th>
        <th colspan="2">Success rate</th>
        <th>Tests</th>
        <th>Succeeded</th>
        <th>Failed</th>
        <th>Pending</th>
        <th>Ignored</th>
        <th>Skipped</th>
            <th>Duration</th>
    </tr>

                    <tr>
                        <td>
                                    <a href="#t-520856283.0">Scenario: For Empty email and vaid Password</a>
            <a href="#t-520856283.1">retry #1</a>
            <a href="#t-520856283.2">retry #2</a>

                        </td>
                        
                            <td>
            33%
    </td>
    <td>
            <table class="timelineview" cellpadding="0" cellspacing="0">
        <tr>
    <td>
        <a class="bar colorSucceeded" 
           style="width: 199px;" 
           title="0 succeeded" 
                   ></a>
    </td>
    <td>
        <a class="bar colorFailed" 
           style="width: 399px;" 
           title="0 failed" 
                          href="#error_summary"
        ></a>
    </td>
        </tr>
    </table>

    </td>
    <td>1 (test executions: 3)</td>
    <td>1</td>
    <td>2</td>
    <td>0</td>
    <td>0</td>
    <td>0</td>
        <td>00:02:24.7299366</td>

                        
                    </tr>
                    <tr>
                        <td>
                                    <a href="#t804514891.0">Scenario: For Empty Password and valid email</a>

                        </td>
                        
                            <td>
            100%
    </td>
    <td>
            <table class="timelineview" cellpadding="0" cellspacing="0">
        <tr>
    <td>
        <a class="bar colorSucceeded" 
           style="width: 199px;" 
           title="1 succeeded" 
                   ></a>
    </td>
        </tr>
    </table>

    </td>
    <td>1</td>
    <td>1</td>
    <td>0</td>
    <td>0</td>
    <td>0</td>
    <td>0</td>
        <td>00:00:20.9839746</td>

                        
                    </tr>
                    <tr>
                        <td>
                                    <a href="#t346371658.0">Scenario: For Invalid Email and Invalid Password</a>

                        </td>
                        
                            <td>
            100%
    </td>
    <td>
            <table class="timelineview" cellpadding="0" cellspacing="0">
        <tr>
    <td>
        <a class="bar colorSucceeded" 
           style="width: 199px;" 
           title="1 succeeded" 
                   ></a>
    </td>
        </tr>
    </table>

    </td>
    <td>1</td>
    <td>1</td>
    <td>0</td>
    <td>0</td>
    <td>0</td>
    <td>0</td>
        <td>00:00:21.0192095</td>

                        
                    </tr>
                    <tr>
                        <td>
                                    <a href="#t1299561802.0">Scenario: For Empty Email and Empty Password</a>
            <a href="#t1299561802.1">retry #1</a>
            <a href="#t1299561802.2">retry #2</a>

                        </td>
                        
                            <td>
            0%
    </td>
    <td>
            <table class="timelineview" cellpadding="0" cellspacing="0">
        <tr>
    <td>
        <a class="bar colorFailed" 
           style="width: 599px;" 
           title="1 failed" 
                          href="#error_summary"
        ></a>
    </td>
        </tr>
    </table>

    </td>
    <td>1 (test executions: 3)</td>
    <td>0</td>
    <td>3</td>
    <td>0</td>
    <td>0</td>
    <td>0</td>
        <td>00:01:18.2925947</td>

                        
                    </tr>
            </table>

        <h2>Execution Details</h2>
            <a name="t-520856283.0" />
            <h3>Scenario: For Empty email and vaid Password (in Assignmnet, Check the Login functionality of AutomationPractice.com)</h3>
            <ul>
                <li>Status: Failed</li>
                <li>Start time: 11-06-2019 17:26:23</li>
                <li>Execution time (sec): 63.7242728</li>
                <li>Thread: #0</li>
                <li>Error: The HTTP request to the remote WebDriver server for URL http://localhost:50556/session/af49fd6054537d041a5852f3be04cc18/url timed out after 60 seconds. -&gt; The request was aborted: The operation has timed out.</li>
            </ul>
            <table class="testEvents">
                <tr>
                    <th>Steps</th>
                    <th>Trace</th>
                    <th>Result</th>
                </tr>
                    <tr>
                        <td>
                            <pre class="log"></pre>
                        </td>
                        <td>
                            <!-- [Initialization: Feature - Check the Login functionality of AutomationPractice.com] -->
                            <pre class="log">-&gt; Using app.config</pre>
                        </td>
                        <td>Succeeded in 0.273s</td>
                    </tr>
                    <tr>
                        <td>
                            <pre class="log">Given I have navigated to the website</pre>
                        </td>
                        <td>
                            <!-- [TestArrange: Scenario - For Empty email and vaid Password] -->
                            <pre class="log">error: The HTTP request to the remote WebDriver server for URL http://localhost:50556/session/af49fd6054537d041a5852f3be04cc18/url timed out after 60 seconds.</pre>
                                <div class="errorMessage">The HTTP request to the remote WebDriver server for URL http://localhost:50556/session/af49fd6054537d041a5852f3be04cc18/url timed out after 60 seconds. -&gt; The request was aborted: The operation has timed out.</div>
                                <pre class="stackTrace">OpenQA.Selenium.WebDriverException: The HTTP request to the remote WebDriver server for URL http://localhost:50556/session/af49fd6054537d041a5852f3be04cc18/url timed out after 60 seconds. ---&gt; System.Net.WebException: The request was aborted: The operation has timed out.
   at System.Net.HttpWebRequest.GetResponse()
   at OpenQA.Selenium.Remote.HttpCommandExecutor.MakeHttpRequest(HttpRequestInfo requestInfo)
   --- End of inner exception stack trace ---
   at OpenQA.Selenium.Remote.HttpCommandExecutor.MakeHttpRequest(HttpRequestInfo requestInfo)
   at OpenQA.Selenium.Remote.HttpCommandExecutor.Execute(Command commandToExecute)
   at OpenQA.Selenium.Remote.DriverServiceCommandExecutor.Execute(Command commandToExecute)
   at OpenQA.Selenium.Remote.RemoteWebDriver.Execute(String driverCommandToExecute, Dictionary`2 parameters)
   at OpenQA.Selenium.Remote.RemoteWebDriver.set_Url(String value)
   at OpenQA.Selenium.Remote.RemoteNavigator.GoToUrl(String url)
   at Assignmnet.StepDefinationFile.CheckTheLoginFunctionalityOfAutomationPractice_ComSteps.GivenIHaveNavigatedToTheWebsite() in C:\Users\gauravrajpoot\source\repos\RestSharpAndExpedia\Assignmnet\StepDefinationFile\AutomationPractice.cs:line 17
   at lambda_method(Closure , IContextManager )
   at TechTalk.SpecFlow.Bindings.BindingInvoker.InvokeBinding(IBinding binding, IContextManager contextManager, Object[] arguments, ITestTracer testTracer, TimeSpan&amp; duration)
   at TechTalk.SpecFlow.Infrastructure.TestExecutionEngine.ExecuteStepMatch(BindingMatch match, Object[] arguments)
   at TechTalk.SpecRun.SpecFlowPlugin.Runtime.RunnerTestExecutionEngine.ExecuteStepMatch(BindingMatch match, Object[] arguments)
   at TechTalk.SpecFlow.Infrastructure.TestExecutionEngine.ExecuteStep(IContextManager contextManager, StepInstance stepInstance)
   at TechTalk.SpecFlow.Infrastructure.TestExecutionEngine.OnAfterLastStep()
   at TechTalk.SpecFlow.TestRunner.CollectScenarioErrors()
   at Assignmnet.FeatureFile.CheckTheLoginFunctionalityOfAutomationPractice_ComFeature.ScenarioCleanup()
   at Assignmnet.FeatureFile.CheckTheLoginFunctionalityOfAutomationPractice_ComFeature.ForEmptyEmailAndVaidPassword() in C:\Users\gauravrajpoot\source\repos\RestSharpAndExpedia\Assignmnet\FeatureFile\SpecFlowFeature1.feature:line 10
   at TechTalk.SpecRun.Framework.TaskExecutors.StaticOrInstanceMethodExecutor.ExecuteInternal(ITestThreadExecutionContext testThreadExecutionContext)
   at TechTalk.SpecRun.Framework.TaskExecutors.StaticOrInstanceMethodExecutor.Execute(ITestThreadExecutionContext testThreadExecutionContext)
   at TechTalk.SpecRun.Framework.TestAssemblyExecutor.ExecuteTestNodeTask(TestNode testNode, ITaskExecutor task, TraceEventType eventType)</pre>
                        </td>
                        <td>Failed in 63.363s</td>
                    </tr>
                    <tr>
                        <td>
                            <pre class="log">And click on login button</pre>
                        </td>
                        <td>
                            <!-- [TestArrange: Scenario - For Empty email and vaid Password] -->
                            <pre class="log">skipped because of previous errors</pre>
                        </td>
                        <td>Skipped in 0.002s</td>
                    </tr>
                    <tr>
                        <td>
                            <pre class="log">When Pass the parameter</pre>
                        </td>
                        <td>
                            <!-- [TestAct: Scenario - For Empty email and vaid Password] -->
                            <pre class="log">skipped because of previous errors</pre>
                        </td>
                        <td>Skipped in 0.002s</td>
                    </tr>
                    <tr>
                        <td>
                            <pre class="log">Then Message is Displayed</pre>
                        </td>
                        <td>
                            <!-- [TestAssert: Scenario - For Empty email and vaid Password] -->
                            <pre class="log">skipped because of previous errors</pre>
                        </td>
                        <td>Skipped in 0.049s</td>
                    </tr>
            </table>
            <a name="t-520856283.1" />
            <h3>Scenario: For Empty email and vaid Password (in Assignmnet, Check the Login functionality of AutomationPractice.com) retry #1</h3>
            <ul>
                <li>Status: Failed</li>
                <li>Start time: 11-06-2019 17:27:26</li>
                <li>Execution time (sec): 63.4348555</li>
                <li>Thread: #0</li>
                <li>Error: The HTTP request to the remote WebDriver server for URL http://localhost:50633/session/dd9523d47ed1513218f69ff0eea91b0e/url timed out after 60 seconds. -&gt; The request was aborted: The operation has timed out.</li>
            </ul>
            <table class="testEvents">
                <tr>
                    <th>Steps</th>
                    <th>Trace</th>
                    <th>Result</th>
                </tr>
                    <tr>
                        <td>
                            <pre class="log">Given I have navigated to the website</pre>
                        </td>
                        <td>
                            <!-- [TestArrange: Scenario - For Empty email and vaid Password] -->
                            <pre class="log">error: The HTTP request to the remote WebDriver server for URL http://localhost:50633/session/dd9523d47ed1513218f69ff0eea91b0e/url timed out after 60 seconds.</pre>
                                <div class="errorMessage">The HTTP request to the remote WebDriver server for URL http://localhost:50633/session/dd9523d47ed1513218f69ff0eea91b0e/url timed out after 60 seconds. -&gt; The request was aborted: The operation has timed out.</div>
                                <pre class="stackTrace">OpenQA.Selenium.WebDriverException: The HTTP request to the remote WebDriver server for URL http://localhost:50633/session/dd9523d47ed1513218f69ff0eea91b0e/url timed out after 60 seconds. ---&gt; System.Net.WebException: The request was aborted: The operation has timed out.
   at System.Net.HttpWebRequest.GetResponse()
   at OpenQA.Selenium.Remote.HttpCommandExecutor.MakeHttpRequest(HttpRequestInfo requestInfo)
   --- End of inner exception stack trace ---
   at OpenQA.Selenium.Remote.HttpCommandExecutor.MakeHttpRequest(HttpRequestInfo requestInfo)
   at OpenQA.Selenium.Remote.HttpCommandExecutor.Execute(Command commandToExecute)
   at OpenQA.Selenium.Remote.DriverServiceCommandExecutor.Execute(Command commandToExecute)
   at OpenQA.Selenium.Remote.RemoteWebDriver.Execute(String driverCommandToExecute, Dictionary`2 parameters)
   at OpenQA.Selenium.Remote.RemoteWebDriver.set_Url(String value)
   at OpenQA.Selenium.Remote.RemoteNavigator.GoToUrl(String url)
   at Assignmnet.StepDefinationFile.CheckTheLoginFunctionalityOfAutomationPractice_ComSteps.GivenIHaveNavigatedToTheWebsite() in C:\Users\gauravrajpoot\source\repos\RestSharpAndExpedia\Assignmnet\StepDefinationFile\AutomationPractice.cs:line 17
   at lambda_method(Closure , IContextManager )
   at TechTalk.SpecFlow.Bindings.BindingInvoker.InvokeBinding(IBinding binding, IContextManager contextManager, Object[] arguments, ITestTracer testTracer, TimeSpan&amp; duration)
   at TechTalk.SpecFlow.Infrastructure.TestExecutionEngine.ExecuteStepMatch(BindingMatch match, Object[] arguments)
   at TechTalk.SpecRun.SpecFlowPlugin.Runtime.RunnerTestExecutionEngine.ExecuteStepMatch(BindingMatch match, Object[] arguments)
   at TechTalk.SpecFlow.Infrastructure.TestExecutionEngine.ExecuteStep(IContextManager contextManager, StepInstance stepInstance)
   at TechTalk.SpecFlow.Infrastructure.TestExecutionEngine.OnAfterLastStep()
   at TechTalk.SpecFlow.TestRunner.CollectScenarioErrors()
   at Assignmnet.FeatureFile.CheckTheLoginFunctionalityOfAutomationPractice_ComFeature.ScenarioCleanup()
   at Assignmnet.FeatureFile.CheckTheLoginFunctionalityOfAutomationPractice_ComFeature.ForEmptyEmailAndVaidPassword() in C:\Users\gauravrajpoot\source\repos\RestSharpAndExpedia\Assignmnet\FeatureFile\SpecFlowFeature1.feature:line 10
   at TechTalk.SpecRun.Framework.TaskExecutors.StaticOrInstanceMethodExecutor.ExecuteInternal(ITestThreadExecutionContext testThreadExecutionContext)
   at TechTalk.SpecRun.Framework.TaskExecutors.StaticOrInstanceMethodExecutor.Execute(ITestThreadExecutionContext testThreadExecutionContext)
   at TechTalk.SpecRun.Framework.TestAssemblyExecutor.ExecuteTestNodeTask(TestNode testNode, ITaskExecutor task, TraceEventType eventType)</pre>
                        </td>
                        <td>Failed in 63.429s</td>
                    </tr>
                    <tr>
                        <td>
                            <pre class="log">And click on login button</pre>
                        </td>
                        <td>
                            <!-- [TestArrange: Scenario - For Empty email and vaid Password] -->
                            <pre class="log">skipped because of previous errors</pre>
                        </td>
                        <td>Skipped in 0.001s</td>
                    </tr>
                    <tr>
                        <td>
                            <pre class="log">When Pass the parameter</pre>
                        </td>
                        <td>
                            <!-- [TestAct: Scenario - For Empty email and vaid Password] -->
                            <pre class="log">skipped because of previous errors</pre>
                        </td>
                        <td>Skipped in 0.001s</td>
                    </tr>
                    <tr>
                        <td>
                            <pre class="log">Then Message is Displayed</pre>
                        </td>
                        <td>
                            <!-- [TestAssert: Scenario - For Empty email and vaid Password] -->
                            <pre class="log">skipped because of previous errors</pre>
                        </td>
                        <td>Skipped in 0.002s</td>
                    </tr>
            </table>
            <a name="t-520856283.2" />
            <h3>Scenario: For Empty email and vaid Password (in Assignmnet, Check the Login functionality of AutomationPractice.com) retry #2</h3>
            <ul>
                <li>Status: Succeeded</li>
                <li>Start time: 11-06-2019 17:28:30</li>
                <li>Execution time (sec): 17.5708083</li>
                <li>Thread: #0</li>
            </ul>
            <table class="testEvents">
                <tr>
                    <th>Steps</th>
                    <th>Trace</th>
                    <th>Result</th>
                </tr>
                    <tr>
                        <td>
                            <pre class="log">Given I have navigated to the website</pre>
                        </td>
                        <td>
                            <!-- [TestArrange: Scenario - For Empty email and vaid Password] -->
                            <pre class="log">done: CheckTheLoginFunctionalityOfAutomationPractice_ComSteps.GivenIHaveNavigatedToTheWebsite() (12.9s)</pre>
                        </td>
                        <td>Succeeded in 12.907s</td>
                    </tr>
                    <tr>
                        <td>
                            <pre class="log">And click on login button</pre>
                        </td>
                        <td>
                            <!-- [TestArrange: Scenario - For Empty email and vaid Password] -->
                            <pre class="log">done: CheckTheLoginFunctionalityOfAutomationPractice_ComSteps.GivenClickOnLoginButton() (2.7s)</pre>
                        </td>
                        <td>Succeeded in 2.751s</td>
                    </tr>
                    <tr>
                        <td>
                            <pre class="log">When Pass the parameter</pre>
                        </td>
                        <td>
                            <!-- [TestAct: Scenario - For Empty email and vaid Password] -->
                            <pre class="log">done: CheckTheLoginFunctionalityOfAutomationPractice_ComSteps.WhenPassTheParameter() (1.9s)</pre>
                        </td>
                        <td>Succeeded in 1.91s</td>
                    </tr>
                    <tr>
                        <td>
                            <pre class="log">Then Message is Displayed</pre>
                        </td>
                        <td>
                            <!-- [TestAssert: Scenario - For Empty email and vaid Password] -->
                            <pre class="log">An email address required.
done: CheckTheLoginFunctionalityOfAutomationPractice_ComSteps.ThenMessageIsDisplayed() (0.0s)</pre>
                        </td>
                        <td>Succeeded in 0.002s</td>
                    </tr>
            </table>
            <a name="t804514891.0" />
            <h3>Scenario: For Empty Password and valid email (in Assignmnet, Check the Login functionality of AutomationPractice.com)</h3>
            <ul>
                <li>Status: Succeeded</li>
                <li>Start time: 11-06-2019 17:28:47</li>
                <li>Execution time (sec): 20.9839746</li>
                <li>Thread: #0</li>
            </ul>
            <table class="testEvents">
                <tr>
                    <th>Steps</th>
                    <th>Trace</th>
                    <th>Result</th>
                </tr>
                    <tr>
                        <td>
                            <pre class="log">Given I have navigated to the website</pre>
                        </td>
                        <td>
                            <!-- [TestArrange: Scenario - For Empty Password and valid email] -->
                            <pre class="log">done: CheckTheLoginFunctionalityOfAutomationPractice_ComSteps.GivenIHaveNavigatedToTheWebsite() (16.0s)</pre>
                        </td>
                        <td>Succeeded in 16.045s</td>
                    </tr>
                    <tr>
                        <td>
                            <pre class="log">And click on login button</pre>
                        </td>
                        <td>
                            <!-- [TestArrange: Scenario - For Empty Password and valid email] -->
                            <pre class="log">done: CheckTheLoginFunctionalityOfAutomationPractice_ComSteps.GivenClickOnLoginButton() (2.7s)</pre>
                        </td>
                        <td>Succeeded in 2.651s</td>
                    </tr>
                    <tr>
                        <td>
                            <pre class="log">When Pass the parameters</pre>
                        </td>
                        <td>
                            <!-- [TestAct: Scenario - For Empty Password and valid email] -->
                            <pre class="log">done: CheckTheLoginFunctionalityOfAutomationPractice_ComSteps.WhenPassTheParameters() (2.3s)</pre>
                        </td>
                        <td>Succeeded in 2.287s</td>
                    </tr>
                    <tr>
                        <td>
                            <pre class="log">Then Unsucessfull Message is displayed</pre>
                        </td>
                        <td>
                            <!-- [TestAssert: Scenario - For Empty Password and valid email] -->
                            <pre class="log">Password is required.
done: CheckTheLoginFunctionalityOfAutomationPractice_ComSteps.ThenUnsucessfullMessageIsDisplayed() (0.0s)</pre>
                        </td>
                        <td>Succeeded in 0.001s</td>
                    </tr>
            </table>
            <a name="t346371658.0" />
            <h3>Scenario: For Invalid Email and Invalid Password (in Assignmnet, Check the Login functionality of AutomationPractice.com)</h3>
            <ul>
                <li>Status: Succeeded</li>
                <li>Start time: 11-06-2019 17:29:08</li>
                <li>Execution time (sec): 21.0192095</li>
                <li>Thread: #0</li>
            </ul>
            <table class="testEvents">
                <tr>
                    <th>Steps</th>
                    <th>Trace</th>
                    <th>Result</th>
                </tr>
                    <tr>
                        <td>
                            <pre class="log">Given I have navigated to the website</pre>
                        </td>
                        <td>
                            <!-- [TestArrange: Scenario - For Invalid Email and Invalid Password] -->
                            <pre class="log">done: CheckTheLoginFunctionalityOfAutomationPractice_ComSteps.GivenIHaveNavigatedToTheWebsite() (13.5s)</pre>
                        </td>
                        <td>Succeeded in 13.536s</td>
                    </tr>
                    <tr>
                        <td>
                            <pre class="log">And click on login button</pre>
                        </td>
                        <td>
                            <!-- [TestArrange: Scenario - For Invalid Email and Invalid Password] -->
                            <pre class="log">done: CheckTheLoginFunctionalityOfAutomationPractice_ComSteps.GivenClickOnLoginButton() (3.1s)</pre>
                        </td>
                        <td>Succeeded in 3.146s</td>
                    </tr>
                    <tr>
                        <td>
                            <pre class="log">When Pass the Arguments</pre>
                        </td>
                        <td>
                            <!-- [TestAct: Scenario - For Invalid Email and Invalid Password] -->
                            <pre class="log">done: CheckTheLoginFunctionalityOfAutomationPractice_ComSteps.WhenPassTheArguments() (4.3s)</pre>
                        </td>
                        <td>Succeeded in 4.335s</td>
                    </tr>
                    <tr>
                        <td>
                            <pre class="log">Then Unsucessfull Message is shown</pre>
                        </td>
                        <td>
                            <!-- [TestAssert: Scenario - For Invalid Email and Invalid Password] -->
                            <pre class="log">Invalid email address.
done: CheckTheLoginFunctionalityOfAutomationPractice_ComSteps.ThenUnsucessfullMessageIsShown() (0.0s)</pre>
                        </td>
                        <td>Succeeded in 0.001s</td>
                    </tr>
            </table>
            <a name="t1299561802.0" />
            <h3>Scenario: For Empty Email and Empty Password (in Assignmnet, Check the Login functionality of AutomationPractice.com)</h3>
            <ul>
                <li>Status: Failed</li>
                <li>Start time: 11-06-2019 17:29:29</li>
                <li>Execution time (sec): 63.4744322</li>
                <li>Thread: #0</li>
                <li>Error: The HTTP request to the remote WebDriver server for URL http://localhost:50893/session/63c3002c977caa72d30455a118d656df/url timed out after 60 seconds. -&gt; The request was aborted: The operation has timed out.</li>
            </ul>
            <table class="testEvents">
                <tr>
                    <th>Steps</th>
                    <th>Trace</th>
                    <th>Result</th>
                </tr>
                    <tr>
                        <td>
                            <pre class="log">Given I have navigated to the website</pre>
                        </td>
                        <td>
                            <!-- [TestArrange: Scenario - For Empty Email and Empty Password] -->
                            <pre class="log">error: The HTTP request to the remote WebDriver server for URL http://localhost:50893/session/63c3002c977caa72d30455a118d656df/url timed out after 60 seconds.</pre>
                                <div class="errorMessage">The HTTP request to the remote WebDriver server for URL http://localhost:50893/session/63c3002c977caa72d30455a118d656df/url timed out after 60 seconds. -&gt; The request was aborted: The operation has timed out.</div>
                                <pre class="stackTrace">OpenQA.Selenium.WebDriverException: The HTTP request to the remote WebDriver server for URL http://localhost:50893/session/63c3002c977caa72d30455a118d656df/url timed out after 60 seconds. ---&gt; System.Net.WebException: The request was aborted: The operation has timed out.
   at System.Net.HttpWebRequest.GetResponse()
   at OpenQA.Selenium.Remote.HttpCommandExecutor.MakeHttpRequest(HttpRequestInfo requestInfo)
   --- End of inner exception stack trace ---
   at OpenQA.Selenium.Remote.HttpCommandExecutor.MakeHttpRequest(HttpRequestInfo requestInfo)
   at OpenQA.Selenium.Remote.HttpCommandExecutor.Execute(Command commandToExecute)
   at OpenQA.Selenium.Remote.DriverServiceCommandExecutor.Execute(Command commandToExecute)
   at OpenQA.Selenium.Remote.RemoteWebDriver.Execute(String driverCommandToExecute, Dictionary`2 parameters)
   at OpenQA.Selenium.Remote.RemoteWebDriver.set_Url(String value)
   at OpenQA.Selenium.Remote.RemoteNavigator.GoToUrl(String url)
   at Assignmnet.StepDefinationFile.CheckTheLoginFunctionalityOfAutomationPractice_ComSteps.GivenIHaveNavigatedToTheWebsite() in C:\Users\gauravrajpoot\source\repos\RestSharpAndExpedia\Assignmnet\StepDefinationFile\AutomationPractice.cs:line 17
   at lambda_method(Closure , IContextManager )
   at TechTalk.SpecFlow.Bindings.BindingInvoker.InvokeBinding(IBinding binding, IContextManager contextManager, Object[] arguments, ITestTracer testTracer, TimeSpan&amp; duration)
   at TechTalk.SpecFlow.Infrastructure.TestExecutionEngine.ExecuteStepMatch(BindingMatch match, Object[] arguments)
   at TechTalk.SpecRun.SpecFlowPlugin.Runtime.RunnerTestExecutionEngine.ExecuteStepMatch(BindingMatch match, Object[] arguments)
   at TechTalk.SpecFlow.Infrastructure.TestExecutionEngine.ExecuteStep(IContextManager contextManager, StepInstance stepInstance)
   at TechTalk.SpecFlow.Infrastructure.TestExecutionEngine.OnAfterLastStep()
   at TechTalk.SpecFlow.TestRunner.CollectScenarioErrors()
   at Assignmnet.FeatureFile.CheckTheLoginFunctionalityOfAutomationPractice_ComFeature.ScenarioCleanup()
   at Assignmnet.FeatureFile.CheckTheLoginFunctionalityOfAutomationPractice_ComFeature.ForEmptyEmailAndEmptyPassword() in C:\Users\gauravrajpoot\source\repos\RestSharpAndExpedia\Assignmnet\FeatureFile\SpecFlowFeature1.feature:line 31
   at TechTalk.SpecRun.Framework.TaskExecutors.StaticOrInstanceMethodExecutor.ExecuteInternal(ITestThreadExecutionContext testThreadExecutionContext)
   at TechTalk.SpecRun.Framework.TaskExecutors.StaticOrInstanceMethodExecutor.Execute(ITestThreadExecutionContext testThreadExecutionContext)
   at TechTalk.SpecRun.Framework.TestAssemblyExecutor.ExecuteTestNodeTask(TestNode testNode, ITaskExecutor task, TraceEventType eventType)</pre>
                        </td>
                        <td>Failed in 63.47s</td>
                    </tr>
                    <tr>
                        <td>
                            <pre class="log">And click on login button</pre>
                        </td>
                        <td>
                            <!-- [TestArrange: Scenario - For Empty Email and Empty Password] -->
                            <pre class="log">skipped because of previous errors</pre>
                        </td>
                        <td>Skipped in 0.001s</td>
                    </tr>
                    <tr>
                        <td>
                            <pre class="log">When No Argument is passed</pre>
                        </td>
                        <td>
                            <!-- [TestAct: Scenario - For Empty Email and Empty Password] -->
                            <pre class="log">skipped because of previous errors</pre>
                        </td>
                        <td>Skipped in 0.001s</td>
                    </tr>
                    <tr>
                        <td>
                            <pre class="log">Then Message is displayed accordingly</pre>
                        </td>
                        <td>
                            <!-- [TestAssert: Scenario - For Empty Email and Empty Password] -->
                            <pre class="log">skipped because of previous errors</pre>
                        </td>
                        <td>Skipped in 0.001s</td>
                    </tr>
            </table>
            <a name="t1299561802.1" />
            <h3>Scenario: For Empty Email and Empty Password (in Assignmnet, Check the Login functionality of AutomationPractice.com) retry #1</h3>
            <ul>
                <li>Status: Failed</li>
                <li>Start time: 11-06-2019 17:30:33</li>
                <li>Execution time (sec): 10.6120216</li>
                <li>Thread: #0</li>
                <li>Error: no such window: target window already closed
from unknown error: web view not found
  (Session info: chrome=75.0.3770.80)
  (Driver info: chromedriver=74.0.3729.6 (255758eccf3d244491b8a1317aa76e1ce10d57e9-refs/branch-heads/3729@{#29}),platform=Windows NT 10.0.17763 x86_64)</li>
            </ul>
            <table class="testEvents">
                <tr>
                    <th>Steps</th>
                    <th>Trace</th>
                    <th>Result</th>
                </tr>
                    <tr>
                        <td>
                            <pre class="log">Given I have navigated to the website</pre>
                        </td>
                        <td>
                            <!-- [TestArrange: Scenario - For Empty Email and Empty Password] -->
                            <pre class="log">done: CheckTheLoginFunctionalityOfAutomationPractice_ComSteps.GivenIHaveNavigatedToTheWebsite() (10.6s)</pre>
                        </td>
                        <td>Succeeded in 10.588s</td>
                    </tr>
                    <tr>
                        <td>
                            <pre class="log">And click on login button</pre>
                        </td>
                        <td>
                            <!-- [TestArrange: Scenario - For Empty Email and Empty Password] -->
                            <pre class="log">error: no such window: target window already closed
from unknown error: web view not found
  (Session info: chrome=75.0.3770.80)
  (Driver info: chromedriver=74.0.3729.6 (255758eccf3d244491b8a1317aa76e1ce10d57e9-refs/branch-heads/3729@{#29}),platform=Windows NT 10.0.17763 x86_64)</pre>
                                <div class="errorMessage">no such window: target window already closed
from unknown error: web view not found
  (Session info: chrome=75.0.3770.80)
  (Driver info: chromedriver=74.0.3729.6 (255758eccf3d244491b8a1317aa76e1ce10d57e9-refs/branch-heads/3729@{#29}),platform=Windows NT 10.0.17763 x86_64)</div>
                                <pre class="stackTrace">OpenQA.Selenium.NoSuchWindowException: no such window: target window already closed
from unknown error: web view not found
  (Session info: chrome=75.0.3770.80)
  (Driver info: chromedriver=74.0.3729.6 (255758eccf3d244491b8a1317aa76e1ce10d57e9-refs/branch-heads/3729@{#29}),platform=Windows NT 10.0.17763 x86_64)
   at OpenQA.Selenium.Remote.RemoteWebDriver.UnpackAndThrowOnError(Response errorResponse)
   at OpenQA.Selenium.Remote.RemoteWebDriver.Execute(String driverCommandToExecute, Dictionary`2 parameters)
   at OpenQA.Selenium.Remote.RemoteWebDriver.FindElement(String mechanism, String value)
   at OpenQA.Selenium.Remote.RemoteWebDriver.FindElementByXPath(String xpath)
   at OpenQA.Selenium.By.&lt;&gt;c__DisplayClass19_0.&lt;XPath&gt;b__0(ISearchContext context)
   at OpenQA.Selenium.By.FindElement(ISearchContext context)
   at OpenQA.Selenium.Remote.RemoteWebDriver.FindElement(By by)
   at Assignmnet.StepDefinationFile.CheckTheLoginFunctionalityOfAutomationPractice_ComSteps.GivenClickOnLoginButton() in C:\Users\gauravrajpoot\source\repos\RestSharpAndExpedia\Assignmnet\StepDefinationFile\AutomationPractice.cs:line 26
   at lambda_method(Closure , IContextManager )
   at TechTalk.SpecFlow.Bindings.BindingInvoker.InvokeBinding(IBinding binding, IContextManager contextManager, Object[] arguments, ITestTracer testTracer, TimeSpan&amp; duration)
   at TechTalk.SpecFlow.Infrastructure.TestExecutionEngine.ExecuteStepMatch(BindingMatch match, Object[] arguments)
   at TechTalk.SpecRun.SpecFlowPlugin.Runtime.RunnerTestExecutionEngine.ExecuteStepMatch(BindingMatch match, Object[] arguments)
   at TechTalk.SpecFlow.Infrastructure.TestExecutionEngine.ExecuteStep(IContextManager contextManager, StepInstance stepInstance)
   at TechTalk.SpecFlow.Infrastructure.TestExecutionEngine.OnAfterLastStep()
   at TechTalk.SpecFlow.TestRunner.CollectScenarioErrors()
   at Assignmnet.FeatureFile.CheckTheLoginFunctionalityOfAutomationPractice_ComFeature.ScenarioCleanup()
   at Assignmnet.FeatureFile.CheckTheLoginFunctionalityOfAutomationPractice_ComFeature.ForEmptyEmailAndEmptyPassword() in C:\Users\gauravrajpoot\source\repos\RestSharpAndExpedia\Assignmnet\FeatureFile\SpecFlowFeature1.feature:line 31
   at TechTalk.SpecRun.Framework.TaskExecutors.StaticOrInstanceMethodExecutor.ExecuteInternal(ITestThreadExecutionContext testThreadExecutionContext)
   at TechTalk.SpecRun.Framework.TaskExecutors.StaticOrInstanceMethodExecutor.Execute(ITestThreadExecutionContext testThreadExecutionContext)
   at TechTalk.SpecRun.Framework.TestAssemblyExecutor.ExecuteTestNodeTask(TestNode testNode, ITaskExecutor task, TraceEventType eventType)</pre>
                        </td>
                        <td>Failed in 0.021s</td>
                    </tr>
                    <tr>
                        <td>
                            <pre class="log">When No Argument is passed</pre>
                        </td>
                        <td>
                            <!-- [TestAct: Scenario - For Empty Email and Empty Password] -->
                            <pre class="log">skipped because of previous errors</pre>
                        </td>
                        <td>Skipped in 0s</td>
                    </tr>
                    <tr>
                        <td>
                            <pre class="log">Then Message is displayed accordingly</pre>
                        </td>
                        <td>
                            <!-- [TestAssert: Scenario - For Empty Email and Empty Password] -->
                            <pre class="log">skipped because of previous errors</pre>
                        </td>
                        <td>Skipped in 0.001s</td>
                    </tr>
            </table>
            <a name="t1299561802.2" />
            <h3>Scenario: For Empty Email and Empty Password (in Assignmnet, Check the Login functionality of AutomationPractice.com) retry #2</h3>
            <ul>
                <li>Status: Failed</li>
                <li>Start time: 11-06-2019 17:30:44</li>
                <li>Execution time (sec): 4.2061409</li>
                <li>Thread: #0</li>
                <li>Error: unknown error: cannot determine loading status
from disconnected: received Inspector.detached event
  (Session info: chrome=75.0.3770.80)
  (Driver info: chromedriver=74.0.3729.6 (255758eccf3d244491b8a1317aa76e1ce10d57e9-refs/branch-heads/3729@{#29}),platform=Windows NT 10.0.17763 x86_64)</li>
            </ul>
            <table class="testEvents">
                <tr>
                    <th>Steps</th>
                    <th>Trace</th>
                    <th>Result</th>
                </tr>
                    <tr>
                        <td>
                            <pre class="log">Given I have navigated to the website</pre>
                        </td>
                        <td>
                            <!-- [TestArrange: Scenario - For Empty Email and Empty Password] -->
                            <pre class="log">error: unknown error: cannot determine loading status
from disconnected: received Inspector.detached event
  (Session info: chrome=75.0.3770.80)
  (Driver info: chromedriver=74.0.3729.6 (255758eccf3d244491b8a1317aa76e1ce10d57e9-refs/branch-heads/3729@{#29}),platform=Windows NT 10.0.17763 x86_64)</pre>
                                <div class="errorMessage">unknown error: cannot determine loading status
from disconnected: received Inspector.detached event
  (Session info: chrome=75.0.3770.80)
  (Driver info: chromedriver=74.0.3729.6 (255758eccf3d244491b8a1317aa76e1ce10d57e9-refs/branch-heads/3729@{#29}),platform=Windows NT 10.0.17763 x86_64)</div>
                                <pre class="stackTrace">OpenQA.Selenium.WebDriverException: unknown error: cannot determine loading status
from disconnected: received Inspector.detached event
  (Session info: chrome=75.0.3770.80)
  (Driver info: chromedriver=74.0.3729.6 (255758eccf3d244491b8a1317aa76e1ce10d57e9-refs/branch-heads/3729@{#29}),platform=Windows NT 10.0.17763 x86_64)
   at OpenQA.Selenium.Remote.RemoteWebDriver.UnpackAndThrowOnError(Response errorResponse)
   at OpenQA.Selenium.Remote.RemoteWebDriver.Execute(String driverCommandToExecute, Dictionary`2 parameters)
   at OpenQA.Selenium.Remote.RemoteWebDriver.set_Url(String value)
   at OpenQA.Selenium.Remote.RemoteNavigator.GoToUrl(String url)
   at Assignmnet.StepDefinationFile.CheckTheLoginFunctionalityOfAutomationPractice_ComSteps.GivenIHaveNavigatedToTheWebsite() in C:\Users\gauravrajpoot\source\repos\RestSharpAndExpedia\Assignmnet\StepDefinationFile\AutomationPractice.cs:line 17
   at lambda_method(Closure , IContextManager )
   at TechTalk.SpecFlow.Bindings.BindingInvoker.InvokeBinding(IBinding binding, IContextManager contextManager, Object[] arguments, ITestTracer testTracer, TimeSpan&amp; duration)
   at TechTalk.SpecFlow.Infrastructure.TestExecutionEngine.ExecuteStepMatch(BindingMatch match, Object[] arguments)
   at TechTalk.SpecRun.SpecFlowPlugin.Runtime.RunnerTestExecutionEngine.ExecuteStepMatch(BindingMatch match, Object[] arguments)
   at TechTalk.SpecFlow.Infrastructure.TestExecutionEngine.ExecuteStep(IContextManager contextManager, StepInstance stepInstance)
   at TechTalk.SpecFlow.Infrastructure.TestExecutionEngine.OnAfterLastStep()
   at TechTalk.SpecFlow.TestRunner.CollectScenarioErrors()
   at Assignmnet.FeatureFile.CheckTheLoginFunctionalityOfAutomationPractice_ComFeature.ScenarioCleanup()
   at Assignmnet.FeatureFile.CheckTheLoginFunctionalityOfAutomationPractice_ComFeature.ForEmptyEmailAndEmptyPassword() in C:\Users\gauravrajpoot\source\repos\RestSharpAndExpedia\Assignmnet\FeatureFile\SpecFlowFeature1.feature:line 31
   at TechTalk.SpecRun.Framework.TaskExecutors.StaticOrInstanceMethodExecutor.ExecuteInternal(ITestThreadExecutionContext testThreadExecutionContext)
   at TechTalk.SpecRun.Framework.TaskExecutors.StaticOrInstanceMethodExecutor.Execute(ITestThreadExecutionContext testThreadExecutionContext)
   at TechTalk.SpecRun.Framework.TestAssemblyExecutor.ExecuteTestNodeTask(TestNode testNode, ITaskExecutor task, TraceEventType eventType)</pre>
                        </td>
                        <td>Failed in 4.193s</td>
                    </tr>
                    <tr>
                        <td>
                            <pre class="log">And click on login button</pre>
                        </td>
                        <td>
                            <!-- [TestArrange: Scenario - For Empty Email and Empty Password] -->
                            <pre class="log">skipped because of previous errors</pre>
                        </td>
                        <td>Skipped in 0.001s</td>
                    </tr>
                    <tr>
                        <td>
                            <pre class="log">When No Argument is passed</pre>
                        </td>
                        <td>
                            <!-- [TestAct: Scenario - For Empty Email and Empty Password] -->
                            <pre class="log">skipped because of previous errors</pre>
                        </td>
                        <td>Skipped in 0.002s</td>
                    </tr>
                    <tr>
                        <td>
                            <pre class="log">Then Message is displayed accordingly</pre>
                        </td>
                        <td>
                            <!-- [TestAssert: Scenario - For Empty Email and Empty Password] -->
                            <pre class="log">skipped because of previous errors</pre>
                        </td>
                        <td>Skipped in 0.003s</td>
                    </tr>
            </table>
	</body>
</html>
</a><div style="position: absolute; top:0px; right:10px; z-index: 1000; text-align: right; font-size: small; color: #FF5555">
Generated by an evaluation version of SpecRun.<br />
This version can be used for evaluation purposes only.<br />
For obtaining a registered license please visit <a href="http://www.specflow.org/plus">http://www.specflow.org/plus</a>.
</div>